server/core/ai/deviceOptimizer.ts(5,31): error TS2307: Cannot find module '../device/management/deviceManager.js' or its corresponding type declarations.
server/core/ai/energyOptimization.ts(5,31): error TS2307: Cannot find module '../device/management/deviceManager.js' or its corresponding type declarations.
server/core/ai/energyOptimization.ts(33,66): error TS18048: 'device.state.brightness' is possibly 'undefined'.
server/core/ai/energyOptimization.ts(39,52): error TS18048: 'device.state.temperature' is possibly 'undefined'.
server/core/device/control/deviceControllerFactory.ts(22,8): error TS2307: Cannot find module './deviceController.js' or its corresponding type declarations.
server/core/device/utils/logger.ts(9,27): error TS2345: Argument of type '({ timestamp, level, message }: { timestamp: string; level: string; message: string; }) => string' is not assignable to parameter of type '(info: TransformableInfo) => string'.
  Types of parameters '__0' and 'info' are incompatible.
    Property 'timestamp' is missing in type 'TransformableInfo' but required in type '{ timestamp: string; level: string; message: string; }'.
server/core/DigitalWellnessManager.ts(4,29): error TS2307: Cannot find module '../shared/types/user.js' or its corresponding type declarations.
server/core/DigitalWellnessManager.ts(5,24): error TS2307: Cannot find module '../shared/types/Device.js' or its corresponding type declarations.
server/core/DigitalWellnessManager.ts(6,43): error TS2307: Cannot find module '../server/services/ai/behavioral-learning.js' or its corresponding type declarations.
server/core/DigitalWellnessManager.ts(7,24): error TS2307: Cannot find module '../server/utils/logger.js' or its corresponding type declarations.
server/core/DigitalWellnessManager.ts(29,49): error TS7006: Parameter 'insight' implicitly has an 'any' type.
server/core/voice/voiceService.ts(4,37): error TS2307: Cannot find module './speechToText' or its corresponding type declarations.
server/core/voice/voiceService.ts(6,42): error TS2307: Cannot find module './naturalLanguageProcessor' or its corresponding type declarations.
server/core/voice/voiceService.ts(7,37): error TS2307: Cannot find module './localVoiceProcessor' or its corresponding type declarations.
server/index.ts(24,13): error TS2349: This expression is not callable.
  Type 'typeof import("express")' has no call signatures.
server/index.ts(28,17): error TS2339: Property 'json' does not exist on type 'typeof import("express")'.
server/index.ts(30,19): error TS2339: Property 'static' does not exist on type 'typeof import("express")'.
server/index.ts(57,27): error TS2367: This comparison appears to be unintentional because the types '"Online" | "Offline"' and '"online"' have no overlap.
server/index.ts(58,62): error TS2345: Argument of type 'string' is not assignable to parameter of type 'Record<string, any>'.
  Type 'string' is not assignable to type 'Record<string, any>'.
server/index.ts(61,60): error TS2345: Argument of type 'string' is not assignable to parameter of type 'Record<string, any>'.
server/routes/api/aiGreeting.ts(8,33): error TS7006: Parameter 'req' implicitly has an 'any' type.
server/routes/api/aiGreeting.ts(8,38): error TS7006: Parameter 'res' implicitly has an 'any' type.
server/routes/api/aiGreeting.ts(19,42): error TS2339: Property 'generateText' does not exist on type 'LLMService'.
server/services/ai/LLMService.ts(21,16): error TS2339: Property 'includes' does not exist on type '(message?: string | undefined, _default?: string | undefined) => string | null'.
server/services/ai/LLMService.ts(22,16): error TS2353: Object literal may only specify known properties, and 'text' does not exist in type 'LLMResponse'.
server/services/ai/LLMService.ts(23,23): error TS2339: Property 'includes' does not exist on type '(message?: string | undefined, _default?: string | undefined) => string | null'.
server/services/ai/LLMService.ts(24,16): error TS2353: Object literal may only specify known properties, and 'text' does not exist in type 'LLMResponse'.
server/services/ai/LLMService.ts(25,23): error TS2339: Property 'includes' does not exist on type '(message?: string | undefined, _default?: string | undefined) => string | null'.
server/services/ai/LLMService.ts(26,16): error TS2353: Object literal may only specify known properties, and 'text' does not exist in type 'LLMResponse'.
server/services/ai/LLMService.ts(28,16): error TS2353: Object literal may only specify known properties, and 'text' does not exist in type 'LLMResponse'.
server/services/AIInsightsService.ts(4,10): error TS2724: '"../utils/logger"' has no exported member named 'Logger'. Did you mean 'logger'?
server/services/AIInsightsService.ts(5,10): error TS2614: Module '"./DeviceIntegrationService"' has no exported member 'DeviceIntegrationService'. Did you mean to use 'import DeviceIntegrationService from "./DeviceIntegrationService"' instead?
server/services/AIInsightsService.ts(6,24): error TS2307: Cannot find module '../types/device' or its corresponding type declarations.
server/services/AuthenticationService.ts(3,17): error TS2307: Cannot find module 'jsonwebtoken' or its corresponding type declarations.
server/services/AuthenticationService.ts(4,23): error TS2307: Cannot find module 'speakeasy' or its corresponding type declarations.
server/services/AuthenticationService.ts(5,20): error TS2307: Cannot find module 'qrcode' or its corresponding type declarations.
server/services/CommunicationHubService.ts(3,24): error TS2307: Cannot find module 'nodemailer' or its corresponding type declarations.
server/services/CommunicationHubService.ts(4,20): error TS2307: Cannot find module 'twilio' or its corresponding type declarations.
server/services/DataMarketplaceService.ts(4,29): error TS2307: Cannot find module './DatabaseService' or its corresponding type declarations.
server/services/DataMarketplaceService.ts(88,24): error TS7006: Parameter 'request' implicitly has an 'any' type.
server/services/DataMarketplaceService.ts(98,28): error TS7006: Parameter 'transaction' implicitly has an 'any' type.
server/services/DataMarketplaceService.ts(183,56): error TS2345: Argument of type '"dataMarketplace"' is not assignable to parameter of type 'keyof ApplicationConfig | undefined'.
server/services/DataMarketplaceService.ts(207,12): error TS7006: Parameter 'device' implicitly has an 'any' type.
server/services/DataMarketplaceService.ts(215,12): error TS7006: Parameter 'entry' implicitly has an 'any' type.
server/services/PerformanceService.ts(2,23): error TS2307: Cannot find module 'node-cache' or its corresponding type declarations.
server/services/PerformanceService.ts(51,50): error TS2345: Argument of type '"performance"' is not assignable to parameter of type 'keyof ApplicationConfig | undefined'.
server/services/PerformanceService.ts(207,23): error TS7019: Rest parameter 'args' implicitly has an 'any[]' type.
server/src/index.ts(11,24): error TS2307: Cannot find module '../shared/types/Device' or its corresponding type declarations.
server/src/index.ts(12,34): error TS2307: Cannot find module './core/automation/automationEngine' or its corresponding type declarations.
server/src/index.ts(13,37): error TS2307: Cannot find module '../core/VoiceAssistant' or its corresponding type declarations.
server/src/index.ts(17,31): error TS2307: Cannot find module './core/monitoring/energyMonitor' or its corresponding type declarations.
server/src/index.ts(18,37): error TS2307: Cannot find module './services/data-dividend/dataDividend' or its corresponding type declarations.
server/src/index.ts(19,33): error TS2307: Cannot find module './core/cognition/cognitionEngine' or its corresponding type declarations.
server/src/index.ts(20,37): error TS2307: Cannot find module './core/cognition/webContentProcessor' or its corresponding type declarations.
server/src/index.ts(21,28): error TS2307: Cannot find module './services/ai/llmService' or its corresponding type declarations.
server/src/index.ts(22,37): error TS2307: Cannot find module './services/connect/jasonConnectService' or its corresponding type declarations.
server/src/index.ts(23,36): error TS2307: Cannot find module './services/marketplace/marketplace-manager' or its corresponding type declarations.
server/src/index.ts(24,35): error TS2307: Cannot find module './services/marketplace/plugin-marketplace' or its corresponding type declarations.
server/src/index.ts(25,37): error TS2307: Cannot find module './services/gamification/gamificationService' or its corresponding type declarations.
server/src/index.ts(29,13): error TS2349: This expression is not callable.
  Type 'typeof import("express")' has no call signatures.
server/src/index.ts(31,27): error TS2339: Property 'Server' does not exist on type 'typeof import("ws")'.
server/src/index.ts(36,17): error TS2339: Property 'default' does not exist on type 'typeof import("express")'.
server/src/routes/deviceControlRoutes.ts(2,31): error TS2307: Cannot find module '../core/device/deviceManager.js' or its corresponding type declarations.
server/src/routes/deviceControlRoutes.ts(3,31): error TS2307: Cannot find module '../../shared/types/device.js' or its corresponding type declarations.
server/src/services/security/securityManager.ts(1,36): error TS2307: Cannot find module '../../shared/types/Device' or its corresponding type declarations.
server/vite.ts(1,24): error TS2724: '"express"' has no exported member named 'Express'. Did you mean 'express'?
server/vite.ts(4,50): error TS2307: Cannot find module 'vite' or its corresponding type declarations.
server/vite.ts(22,14): error TS7006: Parameter 'req' implicitly has an 'any' type.
server/vite.ts(22,19): error TS7006: Parameter 'res' implicitly has an 'any' type.
server/vite.ts(22,24): error TS7006: Parameter 'next' implicitly has an 'any' type.
server/vite.ts(37,25): error TS7006: Parameter 'req' implicitly has an 'any' type.
server/vite.ts(37,30): error TS7006: Parameter 'res' implicitly has an 'any' type.
server/vite.ts(37,35): error TS7006: Parameter 'next' implicitly has an 'any' type.
server/vite.ts(61,12): error TS7006: Parameter 'req' implicitly has an 'any' type.
server/vite.ts(61,17): error TS7006: Parameter 'res' implicitly has an 'any' type.
server/vite.ts(61,22): error TS7006: Parameter 'next' implicitly has an 'any' type.
server/vite.ts(75,28): error TS7006: Parameter 'req' implicitly has an 'any' type.
server/vite.ts(75,33): error TS7006: Parameter 'res' implicitly has an 'any' type.
server/vite.ts(80,19): error TS2339: Property 'static' does not exist on type 'typeof import("express")'.
server/vite.ts(81,19): error TS2339: Property 'static' does not exist on type 'typeof import("express")'.
server/vite.ts(84,17): error TS7006: Parameter 'req' implicitly has an 'any' type.
server/vite.ts(84,22): error TS7006: Parameter 'res' implicitly has an 'any' type.
